-------------------------------------------
Model:RAYL_320_80_32000_8000.disp
Dispersion for a point:   47.000 -109.750
Includes only isotropic contribution
 f (mHz) c(PREM)       c  dc (%) U(PREM)       U  dU (%)
   4.000   4.918   4.877  -0.841   3.578   3.565  -0.349
   4.364   4.769   4.732  -0.784   3.568   3.557  -0.305
   4.727   4.650   4.616  -0.733   3.577   3.569  -0.231
   5.091   4.555   4.524  -0.683   3.594   3.590  -0.116
   5.455   4.477   4.448  -0.630   3.612   3.614   0.049
   5.818   4.412   4.387  -0.572   3.630   3.639   0.249
   6.182   4.358   4.336  -0.507   3.646   3.663   0.471
   6.545   4.313   4.294  -0.436   3.660   3.687   0.715
   6.909   4.274   4.259  -0.358   3.674   3.710   0.979
   7.273   4.240   4.229  -0.274   3.685   3.732   1.262
   7.636   4.211   4.203  -0.185   3.696   3.753   1.536
   8.000   4.185   4.182  -0.091   3.706   3.772   1.784
   8.364   4.163   4.163   0.004   3.716   3.790   1.999
   8.727   4.143   4.147   0.099   3.725   3.805   2.170
   9.091   4.125   4.133   0.191   3.733   3.818   2.290
   9.455   4.109   4.121   0.280   3.741   3.829   2.351
   9.818   4.095   4.110   0.363   3.749   3.838   2.381
  10.182   4.082   4.100   0.440   3.756   3.846   2.396
  10.545   4.070   4.091   0.512   3.763   3.853   2.395
  10.909   4.060   4.083   0.578   3.770   3.859   2.379
  11.273   4.050   4.076   0.639   3.776   3.865   2.346
  11.636   4.042   4.070   0.694   3.782   3.869   2.298
  12.000   4.034   4.064   0.744   3.788   3.873   2.233
  12.364   4.026   4.058   0.789   3.794   3.875   2.152
  12.727   4.020   4.053   0.828   3.799   3.877   2.052
  13.091   4.014   4.048   0.862   3.804   3.877   1.931
  13.455   4.008   4.044   0.891   3.808   3.876   1.791
  13.818   4.003   4.039   0.913   3.812   3.875   1.631
  14.182   3.998   4.035   0.930   3.816   3.872   1.450
  14.545   3.994   4.031   0.941   3.820   3.867   1.248
  14.909   3.990   4.027   0.946   3.823   3.862   1.025
  15.273   3.986   4.023   0.945   3.826   3.856   0.782
  15.636   3.982   4.019   0.938   3.828   3.848   0.520
  16.000   3.979   4.016   0.925   3.831   3.840   0.248
  16.364   3.976   4.012   0.906   3.833   3.831  -0.032
  16.727   3.973   4.008   0.882   3.834   3.822  -0.320
  17.091   3.970   4.004   0.851   3.836   3.812  -0.615
  17.455   3.967   3.999   0.816   3.837   3.802  -0.916
  17.818   3.965   3.995   0.776   3.838   3.791  -1.222
  18.182   3.962   3.991   0.730   3.839   3.780  -1.533
  18.545   3.960   3.987   0.680   3.839   3.768  -1.848
  18.909   3.958   3.982   0.626   3.839   3.756  -2.166
  19.273   3.955   3.978   0.567   3.839   3.744  -2.486
  19.636   3.953   3.973   0.503   3.839   3.731  -2.807
  20.000   3.951   3.969   0.436   3.839   3.719  -3.128
  20.364   3.949   3.964   0.365   3.838   3.706  -3.448
  20.727   3.948   3.959   0.291   3.837   3.693  -3.766
  21.091   3.946   3.954   0.213   3.836   3.680  -4.082
  21.455   3.944   3.949   0.131   3.835   3.667  -4.395
  21.818   3.942   3.944   0.047   3.834   3.653  -4.705
  22.182   3.941   3.939  -0.039   3.832   3.640  -5.011
  22.545   3.939   3.934  -0.129   3.831   3.627  -5.312
  22.909   3.937   3.928  -0.221   3.829   3.614  -5.607
  23.273   3.936   3.923  -0.315   3.827   3.601  -5.896
  23.636   3.934   3.918  -0.411   3.825   3.588  -6.179
  24.000   3.932   3.912  -0.508   3.822   3.576  -6.453
  24.364   3.931   3.907  -0.608   3.820   3.563  -6.718
  24.727   3.929   3.901  -0.708   3.818   3.551  -6.972
  25.091   3.927   3.896  -0.810   3.815   3.540  -7.215
  25.455   3.926   3.890  -0.913   3.812   3.528  -7.446
  25.818   3.924   3.884  -1.016   3.809   3.517  -7.666
  26.182   3.923   3.879  -1.120   3.806   3.506  -7.872
  26.545   3.921   3.873  -1.223   3.803   3.496  -8.066
  26.909   3.920   3.868  -1.327   3.800   3.486  -8.245
  27.273   3.918   3.862  -1.431   3.796   3.477  -8.411
  27.636   3.916   3.856  -1.534   3.793   3.468  -8.561
  28.000   3.915   3.851  -1.636   3.789   3.459  -8.696
  28.364   3.913   3.845  -1.738   3.785   3.451  -8.817
  28.727   3.911   3.840  -1.839   3.781   3.443  -8.934
  29.091   3.910   3.834  -1.938   3.777   3.435  -9.048
  29.455   3.908   3.829  -2.037   3.773   3.427  -9.161
  29.818   3.906   3.823  -2.135   3.769   3.419  -9.271
  30.182   3.905   3.818  -2.232   3.764   3.411  -9.379
  30.545   3.903   3.812  -2.328   3.760   3.403  -9.485
  30.909   3.901   3.807  -2.423   3.755   3.395  -9.589
  31.273   3.900   3.801  -2.517   3.750   3.387  -9.690
  31.636   3.898   3.796  -2.610   3.745   3.379  -9.790
  32.000   3.896   3.791  -2.702   3.740   3.371  -9.888
  32.364   3.894   3.785  -2.794   3.735   3.362  -9.983
  32.727   3.892   3.780  -2.884   3.730   3.354 -10.077
  33.091   3.891   3.775  -2.974   3.725   3.346 -10.171
  33.455   3.889   3.770  -3.063   3.719   3.337 -10.282
  33.818   3.887   3.764  -3.151   3.714   3.327 -10.415
  34.182   3.885   3.759  -3.240   3.708   3.316 -10.571
  34.545   3.883   3.754  -3.328   3.702   3.304 -10.750
  34.909   3.881   3.748  -3.418   3.696   3.291 -10.952
  35.273   3.879   3.743  -3.507   3.690   3.277 -11.179
  35.636   3.877   3.737  -3.598   3.683   3.262 -11.430
  36.000   3.875   3.732  -3.691   3.677   3.247 -11.706
  36.364   3.873   3.726  -3.785   3.670   3.230 -12.008
  36.727   3.871   3.720  -3.881   3.664   3.212 -12.335
  37.091   3.869   3.715  -3.979   3.657   3.193 -12.688
  37.455   3.866   3.709  -4.079   3.650   3.173 -13.072
  37.818   3.864   3.703  -4.183   3.643   3.151 -13.514
  38.182   3.862   3.696  -4.291   3.636   3.126 -14.018
  38.545   3.860   3.690  -4.403   3.628   3.099 -14.584
  38.909   3.857   3.683  -4.520   3.621   3.070 -15.209
  39.273   3.855   3.676  -4.643   3.613   3.039 -15.894
  39.636   3.853   3.669  -4.772   3.605   3.006 -16.636
  40.000   3.850   3.661  -4.909   3.597   2.970 -17.435
